['class -> IDENTIFICADOR', 'program -> PROGRAMA', '{ -> BLOQUEABIERTO']
['program -> PROGRAMA', '() -> ARGVACIO', '{ -> BLOQUEABIERTO']
['pickbeeper -> PICKBEEPER', '() -> ARGVACIO', '; -> EXPVACIA']
['move -> MOVE', '() -> ARGVACIO', '; -> EXPVACIA']
['turnleft -> TURNLEFT', '() -> ARGVACIO', '; -> EXPVACIA']
['turnleft -> TURNLEFT', '() -> ARGVACIO', '; -> EXPVACIA']
['turnleft -> TURNLEFT', '() -> ARGVACIO', '; -> EXPVACIA']
['move -> MOVE', '() -> ARGVACIO', '; -> EXPVACIA']
['putbeeper -> IDENTIFICADOR', '() -> ARGVACIO', '; -> EXPVACIA']
['turnoff -> TURNOFF', '() -> ARGVACIO', '; -> EXPVACIA']
['if -> IF', '( -> STARTARG', 'frontIsClear -> IDENTIFICADOR', ') -> ENDARG']
['{ -> BLOQUEABIERTO']
['move -> MOVE', '() -> ARGVACIO', '; -> EXPVACIA']
['} -> BLOQUECERRADO']
['if -> IF', '( -> STARTARG', 'frontIsClear -> IDENTIFICADOR', ') -> ENDARG']
['{ -> BLOQUEABIERTO', 'move -> MOVE', '() -> ARGVACIO', '; -> EXPVACIA']
['turn -> IDENTIFICADOR', 'left -> IDENTIFICADOR', '() -> ARGVACIO', '; -> EXPVACIA', '} -> BLOQUECERRADO']
[]
['} -> BLOQUECERRADO']
['} -> BLOQUECERRADO']
